#
# There is insufficient memory for the Java Runtime Environment to continue.
# Native memory allocation (malloc) failed to allocate 2604176 bytes for Chunk::new
# Possible reasons:
#   The system is out of physical RAM or swap space
#   The process is running with CompressedOops enabled, and the Java Heap may be blocking the growth of the native heap
# Possible solutions:
#   Reduce memory load on the system
#   Increase physical memory or swap space
#   Check if swap backing store is full
#   Decrease Java heap size (-Xmx/-Xms)
#   Decrease number of Java threads
#   Decrease Java thread stack sizes (-Xss)
#   Set larger code cache with -XX:ReservedCodeCacheSize=
#   JVM is running with Unscaled Compressed Oops mode in which the Java heap is
#     placed in the first 4GB address space. The Java Heap base address is the
#     maximum limit for the native heap growth. Please use -XX:HeapBaseMinAddress
#     to set the Java Heap base and to place the Java Heap above 4GB virtual address.
# This output file may be truncated or incomplete.
#
#  Out of Memory Error (arena.cpp:195), pid=22932, tid=14836
#
# JRE version: OpenJDK Runtime Environment Temurin-16.0.2+7 (16.0.2+7) (build 16.0.2+7)
# Java VM: OpenJDK 64-Bit Server VM Temurin-16.0.2+7 (16.0.2+7, mixed mode, sharing, tiered, compressed oops, compressed class ptrs, g1 gc, windows-amd64)
# No core dump will be written. Minidumps are not enabled by default on client versions of Windows
#

---------------  S U M M A R Y ------------

Command Line: -Dforge.logging.console.level=debug -Dforge.logging.markers=REGISTRIES -DignoreList=bootstraplauncher,securejarhandler,asm-commons,asm-util,asm-analysis,asm-tree,asm,client-extra,fmlcore,javafmllanguage,mclanguage,forge- -DlegacyClassPath.file=C:\Users\Rily Zimmehl\MCreatorWorkspaces\oaks_decor\build\classpath\runClient_minecraftClasspath.txt -DmergeModules=jna-5.8.0.jar,jna-platform-58.0.jar,java-objc-bridge-1.0.0.jar -DnativesDirectory=C:\Users\Rily Zimmehl\MCreatorWorkspaces\oaks_decor\build\natives -Dos.version=10.0 --module-path=C:\Users\Rily Zimmehl\.mcreator\gradle\caches\modules-2\files-2.1\cpw.mods\bootstraplauncher\0.1.17\899fb8e3912bb7d14a6f9611de117f77db710ec3\bootstraplauncher-0.1.17.jar;C:\Users\Rily Zimmehl\.mcreator\gradle\caches\modules-2\files-2.1\cpw.mods\securejarhandler\0.9.54\24b670f2c026ec9777e64a2c2126ebc8635dbe8d\securejarhandler-0.9.54.jar;C:\Users\Rily Zimmehl\.mcreator\gradle\caches\modules-2\files-2.1\org.ow2.asm\asm-commons\9.1\8b971b182eb5cf100b9e8d4119152d83e00e0fdd\asm-commons-9.1.jar;C:\Users\Rily Zimmehl\.mcreator\gradle\caches\modules-2\files-2.1\org.ow2.asm\asm-util\9.1\36464a45d871779f3383a8a9aba2b26562a86729\asm-util-9.1.jar;C:\Users\Rily Zimmehl\.mcreator\gradle\caches\modules-2\files-2.1\org.ow2.asm\asm-analysis\9.1\4f61b83b81d8b659958f4bcc48907e93ecea55a0\asm-analysis-9.1.jar;C:\Users\Rily Zimmehl\.mcreator\gradle\caches\modules-2\files-2.1\org.ow2.asm\asm-tree\9.1\c333f2a855069cb8eb17a40a3eb8b1b67755d0eb\asm-tree-9.1.jar;C:\Users\Rily Zimmehl\.mcreator\gradle\caches\modules-2\files-2.1\org.ow2.asm\asm\9.1\a99500cf6eea30535eeac6be73899d048f8d12a8\asm-9.1.jar --add-modules=ALL-MODULE-PATH --add-opens=java.base/java.util.jar=cpw.mods.securejarhandler --add-exports=java.base/sun.security.util=cpw.mods.securejarhandler --add-exports=jdk.naming.dns/com.sun.jndi.dns=java.naming -XX:HeapDumpPath=MojangTricksIntelDriversForPerformance_javaw.exe_minecraft.exe.heapdump -Dos.name=Windows 10 -Dfile.encoding=windows-1252 -Duser.country=US -Duser.language=en -Duser.variant cpw.mods.bootstraplauncher.BootstrapLauncher --launchTarget forgeclientuserdev --version MOD_DEV --assetIndex 1.17 --assetsDir C:\Users\Rily Zimmehl\.mcreator\gradle\caches\forge_gradle\assets --gameDir . --fml.forgeVersion 37.1.1 --fml.mcVersion 1.17.1 --fml.forgeGroup net.minecraftforge --fml.mcpVersion 20210706.113038

Host: AMD Ryzen 5 3500U with Radeon Vega Mobile Gfx  , 8 cores, 5G,  Windows 10 , 64 bit Build 22000 (10.0.22000.434)
Time: Mon Mar 14 01:01:36 2022 AUS Eastern Summer Time elapsed time: 22.557012 seconds (0d 0h 0m 22s)

---------------  T H R E A D  ---------------

Current thread (0x0000028bb1d867a0):  JavaThread "C2 CompilerThread0" daemon [_thread_in_native, id=14836, stack(0x000000f11a200000,0x000000f11a300000)]


Current CompileTask:
C2:  22557 6499 %     4       org.objectweb.asm.ClassReader::readCode @ 2185 (5109 bytes)

Stack: [0x000000f11a200000,0x000000f11a300000]
Native frames: (J=compiled Java code, j=interpreted, Vv=VM code, C=native code)
V  [jvm.dll+0x67918a]
V  [jvm.dll+0x82b819]
V  [jvm.dll+0x82cfce]
V  [jvm.dll+0x82d623]
V  [jvm.dll+0x24ec65]
V  [jvm.dll+0xb73aa]
V  [jvm.dll+0xb794c]
V  [jvm.dll+0x367ec2]
V  [jvm.dll+0x1c3781]
V  [jvm.dll+0x220376]
V  [jvm.dll+0x21f660]
V  [jvm.dll+0x1ac3ab]
V  [jvm.dll+0x22f7d8]
V  [jvm.dll+0x22d81c]
V  [jvm.dll+0x7e0c42]
V  [jvm.dll+0x7da77a]
V  [jvm.dll+0x677fb6]
C  [ucrtbase.dll+0x26c0c]
C  [KERNEL32.DLL+0x154e0]
C  [ntdll.dll+0x485b]


---------------  P R O C E S S  ---------------

Threads class SMR info:
_java_thread_list=0x0000028bb435a130, length=16, elements={
0x0000028b93e08dc0, 0x0000028bb1d5cee0, 0x0000028bb1d5e540, 0x0000028bb1d77de0,
0x0000028bb1d7a7f0, 0x0000028bb1d7c9a0, 0x0000028bb1d835c0, 0x0000028bb1d867a0,
0x0000028bb1d871e0, 0x0000028bb1d8d1e0, 0x0000028bb1d845b0, 0x0000028bb1d81b30,
0x0000028bb51b10a0, 0x0000028bb51ab100, 0x0000028bb51aeb70, 0x0000028bb51b2b30
}

Java Threads: ( => current thread )
  0x0000028b93e08dc0 JavaThread "main" [_thread_blocked, id=8760, stack(0x000000f119500000,0x000000f119600000)]
  0x0000028bb1d5cee0 JavaThread "Reference Handler" daemon [_thread_blocked, id=12776, stack(0x000000f119c00000,0x000000f119d00000)]
  0x0000028bb1d5e540 JavaThread "Finalizer" daemon [_thread_blocked, id=10176, stack(0x000000f119d00000,0x000000f119e00000)]
  0x0000028bb1d77de0 JavaThread "Signal Dispatcher" daemon [_thread_blocked, id=21720, stack(0x000000f119e00000,0x000000f119f00000)]
  0x0000028bb1d7a7f0 JavaThread "Attach Listener" daemon [_thread_blocked, id=15520, stack(0x000000f119f00000,0x000000f11a000000)]
  0x0000028bb1d7c9a0 JavaThread "Service Thread" daemon [_thread_blocked, id=19868, stack(0x000000f11a000000,0x000000f11a100000)]
  0x0000028bb1d835c0 JavaThread "Monitor Deflation Thread" daemon [_thread_blocked, id=8236, stack(0x000000f11a100000,0x000000f11a200000)]
=>0x0000028bb1d867a0 JavaThread "C2 CompilerThread0" daemon [_thread_in_native, id=14836, stack(0x000000f11a200000,0x000000f11a300000)]
  0x0000028bb1d871e0 JavaThread "C1 CompilerThread0" daemon [_thread_blocked, id=14216, stack(0x000000f11a300000,0x000000f11a400000)]
  0x0000028bb1d8d1e0 JavaThread "Sweeper thread" daemon [_thread_blocked, id=12636, stack(0x000000f11a400000,0x000000f11a500000)]
  0x0000028bb1d845b0 JavaThread "Common-Cleaner" daemon [_thread_blocked, id=19824, stack(0x000000f11a500000,0x000000f11a600000)]
  0x0000028bb1d81b30 JavaThread "Notification Thread" daemon [_thread_blocked, id=6240, stack(0x000000f11a600000,0x000000f11a700000)]
  0x0000028bb51b10a0 JavaThread "Thread-0" daemon [_thread_blocked, id=20180, stack(0x000000f11a900000,0x000000f11aa00000)]
  0x0000028bb51ab100 JavaThread "FileSystemWatchService" daemon [_thread_in_native, id=25232, stack(0x000000f11b100000,0x000000f11b200000)]
  0x0000028bb51aeb70 JavaThread "pool-2-thread-1" daemon [_thread_blocked, id=19980, stack(0x000000f11b300000,0x000000f11b400000)]
  0x0000028bb51b2b30 JavaThread "pool-3-thread-1" [_thread_in_Java, id=10488, stack(0x000000f11a800000,0x000000f11a900000)]

Other Threads:
  0x0000028bb1d56ae0 VMThread "VM Thread" [stack: 0x000000f119b00000,0x000000f119c00000] [id=10332]
  0x0000028bb2980300 WatcherThread [stack: 0x000000f11a700000,0x000000f11a800000] [id=18220]
  0x0000028b93e420f0 GCTaskThread "GC Thread#0" [stack: 0x000000f119600000,0x000000f119700000] [id=25748]
  0x0000028bb3061fe0 GCTaskThread "GC Thread#1" [stack: 0x000000f11aa00000,0x000000f11ab00000] [id=1496]
  0x0000028bb31bdb00 GCTaskThread "GC Thread#2" [stack: 0x000000f11ab00000,0x000000f11ac00000] [id=15392]
  0x0000028bb2f39f70 GCTaskThread "GC Thread#3" [stack: 0x000000f11ac00000,0x000000f11ad00000] [id=7044]
  0x0000028bb3b6d770 GCTaskThread "GC Thread#4" [stack: 0x000000f11ad00000,0x000000f11ae00000] [id=20028]
  0x0000028bb2efc9f0 GCTaskThread "GC Thread#5" [stack: 0x000000f11ae00000,0x000000f11af00000] [id=19076]
  0x0000028bb3b9c360 GCTaskThread "GC Thread#6" [stack: 0x000000f11af00000,0x000000f11b000000] [id=20392]
  0x0000028bb415bca0 GCTaskThread "GC Thread#7" [stack: 0x000000f11b000000,0x000000f11b100000] [id=11384]
  0x0000028b93e4f030 ConcurrentGCThread "G1 Main Marker" [stack: 0x000000f119700000,0x000000f119800000] [id=21740]
  0x0000028b93e502c0 ConcurrentGCThread "G1 Conc#0" [stack: 0x000000f119800000,0x000000f119900000] [id=21384]
  0x0000028bb452afb0 ConcurrentGCThread "G1 Conc#1" [stack: 0x000000f11b200000,0x000000f11b300000] [id=22912]
  0x0000028bb1c104a0 ConcurrentGCThread "G1 Refine#0" [stack: 0x000000f119900000,0x000000f119a00000] [id=3236]
  0x0000028b93eca2a0 ConcurrentGCThread "G1 Service" [stack: 0x000000f119a00000,0x000000f119b00000] [id=20620]

Threads with active compile tasks:
C2 CompilerThread0    22585 6499 %     4       org.objectweb.asm.ClassReader::readCode @ 2185 (5109 bytes)

VM state: not at safepoint (normal execution)

VM Mutex/Monitor currently owned by a thread: None

Heap address: 0x00000000a1000000, size: 1520 MB, Compressed Oops mode: 32-bit

CDS archive(s) mapped at: [0x0000000800000000-0x0000000800bf0000-0x0000000800bf0000), size 12517376, SharedBaseAddress: 0x0000000800000000, ArchiveRelocationMode: 0.
Compressed class space mapped at: 0x0000000800c00000-0x0000000840c00000, reserved size: 1073741824
Narrow klass base: 0x0000000800000000, Narrow klass shift: 3, Narrow klass range: 0x100000000

GC Precious Log:
 CPUs: 8 total, 8 available
 Memory: 6074M
 Large Page Support: Disabled
 NUMA Support: Disabled
 Compressed Oops: Enabled (32-bit)
 Heap Region Size: 1M
 Heap Min Capacity: 8M
 Heap Initial Capacity: 96M
 Heap Max Capacity: 1520M
 Pre-touch: Disabled
 Parallel Workers: 8
 Concurrent Workers: 2
 Concurrent Refinement Workers: 8
 Periodic GC: Disabled

Heap:
 garbage-first heap   total 156672K, used 97672K [0x00000000a1000000, 0x0000000100000000)
  region size 1024K, 27 young (27648K), 6 survivors (6144K)
 Metaspace       used 39276K, committed 40192K, reserved 1089536K
  class space    used 4918K, committed 5312K, reserved 1048576K

Heap Regions: E=young(eden), S=young(survivor), O=old, HS=humongous(starts), HC=humongous(continues), CS=collection set, F=free, OA=open archive, CA=closed archive, TAMS=top-at-mark-start (previous, next)
|   0|0x00000000a1000000, 0x00000000a1100000, 0x00000000a1100000|100%|HS|  |TAMS 0x00000000a1100000, 0x00000000a1000000| Complete 
|   1|0x00000000a1100000, 0x00000000a1200000, 0x00000000a1200000|100%|HS|  |TAMS 0x00000000a1200000, 0x00000000a1100000| Complete 
|   2|0x00000000a1200000, 0x00000000a1300000, 0x00000000a1300000|100%|HC|  |TAMS 0x00000000a1300000, 0x00000000a1200000| Complete 
|   3|0x00000000a1300000, 0x00000000a1400000, 0x00000000a1400000|100%| O|  |TAMS 0x00000000a1400000, 0x00000000a1300000| Untracked 
|   4|0x00000000a1400000, 0x00000000a1500000, 0x00000000a1500000|100%| O|  |TAMS 0x00000000a1500000, 0x00000000a1400000| Untracked 
|   5|0x00000000a1500000, 0x00000000a1600000, 0x00000000a1600000|100%|HS|  |TAMS 0x00000000a1600000, 0x00000000a1500000| Complete 
|   6|0x00000000a1600000, 0x00000000a1700000, 0x00000000a1700000|100%|HC|  |TAMS 0x00000000a1700000, 0x00000000a1600000| Complete 
|   7|0x00000000a1700000, 0x00000000a1800000, 0x00000000a1800000|100%| O|  |TAMS 0x00000000a1800000, 0x00000000a1700000| Untracked 
|   8|0x00000000a1800000, 0x00000000a1900000, 0x00000000a1900000|100%| O|  |TAMS 0x00000000a1900000, 0x00000000a1800000| Untracked 
|   9|0x00000000a1900000, 0x00000000a1a00000, 0x00000000a1a00000|100%| O|  |TAMS 0x00000000a1a00000, 0x00000000a1900000| Untracked 
|  10|0x00000000a1a00000, 0x00000000a1b00000, 0x00000000a1b00000|100%| O|  |TAMS 0x00000000a1b00000, 0x00000000a1a00000| Untracked 
|  11|0x00000000a1b00000, 0x00000000a1c00000, 0x00000000a1c00000|100%|HS|  |TAMS 0x00000000a1c00000, 0x00000000a1b00000| Complete 
|  12|0x00000000a1c00000, 0x00000000a1d00000, 0x00000000a1d00000|100%|HC|  |TAMS 0x00000000a1d00000, 0x00000000a1c00000| Complete 
|  13|0x00000000a1d00000, 0x00000000a1e00000, 0x00000000a1e00000|100%| O|  |TAMS 0x00000000a1e00000, 0x00000000a1d00000| Untracked 
|  14|0x00000000a1e00000, 0x00000000a1f00000, 0x00000000a1f00000|100%| O|  |TAMS 0x00000000a1f00000, 0x00000000a1e00000| Untracked 
|  15|0x00000000a1f00000, 0x00000000a2000000, 0x00000000a2000000|100%| O|  |TAMS 0x00000000a2000000, 0x00000000a1f00000| Untracked 
|  16|0x00000000a2000000, 0x00000000a2100000, 0x00000000a2100000|100%| O|  |TAMS 0x00000000a2100000, 0x00000000a2000000| Untracked 
|  17|0x00000000a2100000, 0x00000000a2200000, 0x00000000a2200000|100%| O|  |TAMS 0x00000000a2200000, 0x00000000a2100000| Untracked 
|  18|0x00000000a2200000, 0x00000000a2300000, 0x00000000a2300000|100%|HS|  |TAMS 0x00000000a2300000, 0x00000000a2200000| Complete 
|  19|0x00000000a2300000, 0x00000000a2400000, 0x00000000a2400000|100%| O|  |TAMS 0x00000000a2400000, 0x00000000a2300000| Untracked 
|  20|0x00000000a2400000, 0x00000000a2500000, 0x00000000a2500000|100%| O|  |TAMS 0x00000000a2500000, 0x00000000a2400000| Untracked 
|  21|0x00000000a2500000, 0x00000000a2600000, 0x00000000a2600000|100%| O|  |TAMS 0x00000000a2600000, 0x00000000a2500000| Untracked 
|  22|0x00000000a2600000, 0x00000000a2700000, 0x00000000a2700000|100%|HS|  |TAMS 0x00000000a2700000, 0x00000000a2600000| Complete 
|  23|0x00000000a2700000, 0x00000000a2800000, 0x00000000a2800000|100%|HC|  |TAMS 0x00000000a2800000, 0x00000000a2700000| Complete 
|  24|0x00000000a2800000, 0x00000000a2900000, 0x00000000a2900000|100%|HS|  |TAMS 0x00000000a2900000, 0x00000000a2800000| Complete 
|  25|0x00000000a2900000, 0x00000000a2a00000, 0x00000000a2a00000|100%| O|  |TAMS 0x00000000a2a00000, 0x00000000a2900000| Untracked 
|  26|0x00000000a2a00000, 0x00000000a2b00000, 0x00000000a2b00000|100%| O|  |TAMS 0x00000000a2b00000, 0x00000000a2a00000| Untracked 
|  27|0x00000000a2b00000, 0x00000000a2c00000, 0x00000000a2c00000|100%| O|  |TAMS 0x00000000a2c00000, 0x00000000a2b00000| Untracked 
|  28|0x00000000a2c00000, 0x00000000a2d00000, 0x00000000a2d00000|100%| O|  |TAMS 0x00000000a2d00000, 0x00000000a2c00000| Untracked 
|  29|0x00000000a2d00000, 0x00000000a2e00000, 0x00000000a2e00000|100%| O|  |TAMS 0x00000000a2e00000, 0x00000000a2d00000| Untracked 
|  30|0x00000000a2e00000, 0x00000000a2f00000, 0x00000000a2f00000|100%| O|  |TAMS 0x00000000a2f00000, 0x00000000a2e00000| Untracked 
|  31|0x00000000a2f00000, 0x00000000a3000000, 0x00000000a3000000|100%| O|  |TAMS 0x00000000a3000000, 0x00000000a2f00000| Untracked 
|  32|0x00000000a3000000, 0x00000000a3100000, 0x00000000a3100000|100%| O|  |TAMS 0x00000000a3100000, 0x00000000a3000000| Untracked 
|  33|0x00000000a3100000, 0x00000000a3200000, 0x00000000a3200000|100%| O|  |TAMS 0x00000000a3200000, 0x00000000a3100000| Untracked 
|  34|0x00000000a3200000, 0x00000000a3300000, 0x00000000a3300000|100%| O|  |TAMS 0x00000000a3300000, 0x00000000a3200000| Untracked 
|  35|0x00000000a3300000, 0x00000000a3400000, 0x00000000a3400000|100%| O|  |TAMS 0x00000000a3400000, 0x00000000a3300000| Untracked 
|  36|0x00000000a3400000, 0x00000000a3500000, 0x00000000a3500000|100%| O|  |TAMS 0x00000000a3500000, 0x00000000a3400000| Untracked 
|  37|0x00000000a3500000, 0x00000000a3600000, 0x00000000a3600000|100%| O|  |TAMS 0x00000000a3600000, 0x00000000a3500000| Untracked 
|  38|0x00000000a3600000, 0x00000000a3700000, 0x00000000a3700000|100%| O|  |TAMS 0x00000000a3700000, 0x00000000a3600000| Untracked 
|  39|0x00000000a3700000, 0x00000000a3800000, 0x00000000a3800000|100%| O|  |TAMS 0x00000000a3800000, 0x00000000a3700000| Untracked 
|  40|0x00000000a3800000, 0x00000000a3900000, 0x00000000a3900000|100%| O|  |TAMS 0x00000000a3900000, 0x00000000a3800000| Untracked 
|  41|0x00000000a3900000, 0x00000000a3a00000, 0x00000000a3a00000|100%| O|  |TAMS 0x00000000a3a00000, 0x00000000a3900000| Untracked 
|  42|0x00000000a3a00000, 0x00000000a3b00000, 0x00000000a3b00000|100%| O|  |TAMS 0x00000000a3b00000, 0x00000000a3a00000| Untracked 
|  43|0x00000000a3b00000, 0x00000000a3c00000, 0x00000000a3c00000|100%| O|  |TAMS 0x00000000a3c00000, 0x00000000a3b00000| Untracked 
|  44|0x00000000a3c00000, 0x00000000a3d00000, 0x00000000a3d00000|100%| O|  |TAMS 0x00000000a3d00000, 0x00000000a3c00000| Untracked 
|  45|0x00000000a3d00000, 0x00000000a3e00000, 0x00000000a3e00000|100%| O|  |TAMS 0x00000000a3e00000, 0x00000000a3d00000| Untracked 
|  46|0x00000000a3e00000, 0x00000000a3f00000, 0x00000000a3f00000|100%| O|  |TAMS 0x00000000a3f00000, 0x00000000a3e00000| Untracked 
|  47|0x00000000a3f00000, 0x00000000a4000000, 0x00000000a4000000|100%| O|  |TAMS 0x00000000a4000000, 0x00000000a3f00000| Untracked 
|  48|0x00000000a4000000, 0x00000000a4100000, 0x00000000a4100000|100%| O|  |TAMS 0x00000000a4100000, 0x00000000a4000000| Untracked 
|  49|0x00000000a4100000, 0x00000000a4200000, 0x00000000a4200000|100%| O|  |TAMS 0x00000000a4200000, 0x00000000a4100000| Untracked 
|  50|0x00000000a4200000, 0x00000000a4300000, 0x00000000a4300000|100%|HS|  |TAMS 0x00000000a4300000, 0x00000000a4200000| Complete 
|  51|0x00000000a4300000, 0x00000000a4400000, 0x00000000a4400000|100%|HC|  |TAMS 0x00000000a4400000, 0x00000000a4300000| Complete 
|  52|0x00000000a4400000, 0x00000000a4500000, 0x00000000a4500000|100%|HC|  |TAMS 0x00000000a4500000, 0x00000000a4400000| Complete 
|  53|0x00000000a4500000, 0x00000000a4600000, 0x00000000a4600000|100%|HC|  |TAMS 0x00000000a4600000, 0x00000000a4500000| Complete 
|  54|0x00000000a4600000, 0x00000000a4700000, 0x00000000a4700000|100%|HC|  |TAMS 0x00000000a4700000, 0x00000000a4600000| Complete 
|  55|0x00000000a4700000, 0x00000000a4800000, 0x00000000a4800000|100%|HC|  |TAMS 0x00000000a4800000, 0x00000000a4700000| Complete 
|  56|0x00000000a4800000, 0x00000000a4900000, 0x00000000a4900000|100%|HC|  |TAMS 0x00000000a4900000, 0x00000000a4800000| Complete 
|  57|0x00000000a4900000, 0x00000000a4a00000, 0x00000000a4a00000|100%|HC|  |TAMS 0x00000000a4a00000, 0x00000000a4900000| Complete 
|  58|0x00000000a4a00000, 0x00000000a4b00000, 0x00000000a4b00000|100%|HC|  |TAMS 0x00000000a4b00000, 0x00000000a4a00000| Complete 
|  59|0x00000000a4b00000, 0x00000000a4c00000, 0x00000000a4c00000|100%|HC|  |TAMS 0x00000000a4c00000, 0x00000000a4b00000| Complete 
|  60|0x00000000a4c00000, 0x00000000a4d00000, 0x00000000a4d00000|100%|HC|  |TAMS 0x00000000a4d00000, 0x00000000a4c00000| Complete 
|  61|0x00000000a4d00000, 0x00000000a4e00000, 0x00000000a4e00000|100%| O|  |TAMS 0x00000000a4dec600, 0x00000000a4d00000| Untracked 
|  62|0x00000000a4e00000, 0x00000000a4f00000, 0x00000000a4f00000|100%| O|  |TAMS 0x00000000a4e00000, 0x00000000a4e00000| Untracked 
|  63|0x00000000a4f00000, 0x00000000a4f37400, 0x00000000a5000000| 21%| O|  |TAMS 0x00000000a4f00000, 0x00000000a4f00000| Untracked 
|  64|0x00000000a5000000, 0x00000000a5000000, 0x00000000a5100000|  0%| F|  |TAMS 0x00000000a5000000, 0x00000000a5000000| Untracked 
|  65|0x00000000a5100000, 0x00000000a5100000, 0x00000000a5200000|  0%| F|  |TAMS 0x00000000a5100000, 0x00000000a5100000| Untracked 
|  66|0x00000000a5200000, 0x00000000a5200000, 0x00000000a5300000|  0%| F|  |TAMS 0x00000000a5200000, 0x00000000a5200000| Untracked 
|  67|0x00000000a5300000, 0x00000000a5300000, 0x00000000a5400000|  0%| F|  |TAMS 0x00000000a5300000, 0x00000000a5300000| Untracked 
|  68|0x00000000a5400000, 0x00000000a5400000, 0x00000000a5500000|  0%| F|  |TAMS 0x00000000a5400000, 0x00000000a5400000| Untracked 
|  69|0x00000000a5500000, 0x00000000a5500000, 0x00000000a5600000|  0%| F|  |TAMS 0x00000000a5500000, 0x00000000a5500000| Untracked 
|  70|0x00000000a5600000, 0x00000000a5600000, 0x00000000a5700000|  0%| F|  |TAMS 0x00000000a5600000, 0x00000000a5600000| Untracked 
|  71|0x00000000a5700000, 0x00000000a5700000, 0x00000000a5800000|  0%| F|  |TAMS 0x00000000a5700000, 0x00000000a5700000| Untracked 
|  72|0x00000000a5800000, 0x00000000a5800000, 0x00000000a5900000|  0%| F|  |TAMS 0x00000000a5800000, 0x00000000a5800000| Untracked 
|  73|0x00000000a5900000, 0x00000000a5900000, 0x00000000a5a00000|  0%| F|  |TAMS 0x00000000a5900000, 0x00000000a5900000| Untracked 
|  74|0x00000000a5a00000, 0x00000000a5a00000, 0x00000000a5b00000|  0%| F|  |TAMS 0x00000000a5a00000, 0x00000000a5a00000| Untracked 
|  75|0x00000000a5b00000, 0x00000000a5b00000, 0x00000000a5c00000|  0%| F|  |TAMS 0x00000000a5b00000, 0x00000000a5b00000| Untracked 
|  76|0x00000000a5c00000, 0x00000000a5c00000, 0x00000000a5d00000|  0%| F|  |TAMS 0x00000000a5c00000, 0x00000000a5c00000| Untracked 
|  77|0x00000000a5d00000, 0x00000000a5d00000, 0x00000000a5e00000|  0%| F|  |TAMS 0x00000000a5d00000, 0x00000000a5d00000| Untracked 
|  78|0x00000000a5e00000, 0x00000000a5e2aee8, 0x00000000a5f00000| 16%| S|CS|TAMS 0x00000000a5e00000, 0x00000000a5e00000| Complete 
|  79|0x00000000a5f00000, 0x00000000a6000000, 0x00000000a6000000|100%| S|CS|TAMS 0x00000000a5f00000, 0x00000000a5f00000| Complete 
|  80|0x00000000a6000000, 0x00000000a6100000, 0x00000000a6100000|100%| S|CS|TAMS 0x00000000a6000000, 0x00000000a6000000| Complete 
|  81|0x00000000a6100000, 0x00000000a6200000, 0x00000000a6200000|100%| S|CS|TAMS 0x00000000a6100000, 0x00000000a6100000| Complete 
|  82|0x00000000a6200000, 0x00000000a6300000, 0x00000000a6300000|100%| S|CS|TAMS 0x00000000a6200000, 0x00000000a6200000| Complete 
|  83|0x00000000a6300000, 0x00000000a6400000, 0x00000000a6400000|100%| S|CS|TAMS 0x00000000a6300000, 0x00000000a6300000| Complete 
|  84|0x00000000a6400000, 0x00000000a6400000, 0x00000000a6500000|  0%| F|  |TAMS 0x00000000a6400000, 0x00000000a6400000| Untracked 
|  85|0x00000000a6500000, 0x00000000a6500000, 0x00000000a6600000|  0%| F|  |TAMS 0x00000000a6500000, 0x00000000a6500000| Untracked 
|  86|0x00000000a6600000, 0x00000000a6600000, 0x00000000a6700000|  0%| F|  |TAMS 0x00000000a6600000, 0x00000000a6600000| Untracked 
|  87|0x00000000a6700000, 0x00000000a6700000, 0x00000000a6800000|  0%| F|  |TAMS 0x00000000a6700000, 0x00000000a6700000| Untracked 
|  88|0x00000000a6800000, 0x00000000a6800000, 0x00000000a6900000|  0%| F|  |TAMS 0x00000000a6800000, 0x00000000a6800000| Untracked 
|  89|0x00000000a6900000, 0x00000000a6900000, 0x00000000a6a00000|  0%| F|  |TAMS 0x00000000a6900000, 0x00000000a6900000| Untracked 
|  90|0x00000000a6a00000, 0x00000000a6a00000, 0x00000000a6b00000|  0%| F|  |TAMS 0x00000000a6a00000, 0x00000000a6a00000| Untracked 
|  91|0x00000000a6b00000, 0x00000000a6b00000, 0x00000000a6c00000|  0%| F|  |TAMS 0x00000000a6b00000, 0x00000000a6b00000| Untracked 
|  92|0x00000000a6c00000, 0x00000000a6c00000, 0x00000000a6d00000|  0%| F|  |TAMS 0x00000000a6c00000, 0x00000000a6c00000| Untracked 
|  93|0x00000000a6d00000, 0x00000000a6d00000, 0x00000000a6e00000|  0%| F|  |TAMS 0x00000000a6d00000, 0x00000000a6d00000| Untracked 
|  94|0x00000000a6e00000, 0x00000000a6e00000, 0x00000000a6f00000|  0%| F|  |TAMS 0x00000000a6e00000, 0x00000000a6e00000| Untracked 
|  95|0x00000000a6f00000, 0x00000000a6f00000, 0x00000000a7000000|  0%| F|  |TAMS 0x00000000a6f00000, 0x00000000a6f00000| Untracked 
|  96|0x00000000a7000000, 0x00000000a7000000, 0x00000000a7100000|  0%| F|  |TAMS 0x00000000a7000000, 0x00000000a7000000| Untracked 
|  97|0x00000000a7100000, 0x00000000a7100000, 0x00000000a7200000|  0%| F|  |TAMS 0x00000000a7100000, 0x00000000a7100000| Untracked 
|  98|0x00000000a7200000, 0x00000000a7200000, 0x00000000a7300000|  0%| F|  |TAMS 0x00000000a7200000, 0x00000000a7200000| Untracked 
|  99|0x00000000a7300000, 0x00000000a7300000, 0x00000000a7400000|  0%| F|  |TAMS 0x00000000a7300000, 0x00000000a7300000| Untracked 
| 100|0x00000000a7400000, 0x00000000a7400000, 0x00000000a7500000|  0%| F|  |TAMS 0x00000000a7400000, 0x00000000a7400000| Untracked 
| 101|0x00000000a7500000, 0x00000000a7500000, 0x00000000a7600000|  0%| F|  |TAMS 0x00000000a7500000, 0x00000000a7500000| Untracked 
| 102|0x00000000a7600000, 0x00000000a7600000, 0x00000000a7700000|  0%| F|  |TAMS 0x00000000a7600000, 0x00000000a7600000| Untracked 
| 103|0x00000000a7700000, 0x00000000a7700000, 0x00000000a7800000|  0%| F|  |TAMS 0x00000000a7700000, 0x00000000a7700000| Untracked 
| 104|0x00000000a7800000, 0x00000000a7800000, 0x00000000a7900000|  0%| F|  |TAMS 0x00000000a7800000, 0x00000000a7800000| Untracked 
| 105|0x00000000a7900000, 0x00000000a7900000, 0x00000000a7a00000|  0%| F|  |TAMS 0x00000000a7900000, 0x00000000a7900000| Untracked 
| 106|0x00000000a7a00000, 0x00000000a7a00000, 0x00000000a7b00000|  0%| F|  |TAMS 0x00000000a7a00000, 0x00000000a7a00000| Untracked 
| 107|0x00000000a7b00000, 0x00000000a7b00000, 0x00000000a7c00000|  0%| F|  |TAMS 0x00000000a7b00000, 0x00000000a7b00000| Untracked 
| 108|0x00000000a7c00000, 0x00000000a7c00000, 0x00000000a7d00000|  0%| F|  |TAMS 0x00000000a7c00000, 0x00000000a7c00000| Untracked 
| 109|0x00000000a7d00000, 0x00000000a7d00000, 0x00000000a7e00000|  0%| F|  |TAMS 0x00000000a7d00000, 0x00000000a7d00000| Untracked 
| 110|0x00000000a7e00000, 0x00000000a7e00000, 0x00000000a7f00000|  0%| F|  |TAMS 0x00000000a7e00000, 0x00000000a7e00000| Untracked 
| 111|0x00000000a7f00000, 0x00000000a7f00000, 0x00000000a8000000|  0%| F|  |TAMS 0x00000000a7f00000, 0x00000000a7f00000| Untracked 
| 112|0x00000000a8000000, 0x00000000a8000000, 0x00000000a8100000|  0%| F|  |TAMS 0x00000000a8000000, 0x00000000a8000000| Untracked 
| 113|0x00000000a8100000, 0x00000000a8100000, 0x00000000a8200000|  0%| F|  |TAMS 0x00000000a8100000, 0x00000000a8100000| Untracked 
| 114|0x00000000a8200000, 0x00000000a8200000, 0x00000000a8300000|  0%| F|  |TAMS 0x00000000a8200000, 0x00000000a8200000| Untracked 
| 115|0x00000000a8300000, 0x00000000a8300000, 0x00000000a8400000|  0%| F|  |TAMS 0x00000000a8300000, 0x00000000a8300000| Untracked 
| 116|0x00000000a8400000, 0x00000000a8400000, 0x00000000a8500000|  0%| F|  |TAMS 0x00000000a8400000, 0x00000000a8400000| Untracked 
| 117|0x00000000a8500000, 0x00000000a8500000, 0x00000000a8600000|  0%| F|  |TAMS 0x00000000a8500000, 0x00000000a8500000| Untracked 
| 118|0x00000000a8600000, 0x00000000a8600000, 0x00000000a8700000|  0%| F|  |TAMS 0x00000000a8600000, 0x00000000a8600000| Untracked 
| 119|0x00000000a8700000, 0x00000000a8700000, 0x00000000a8800000|  0%| F|  |TAMS 0x00000000a8700000, 0x00000000a8700000| Untracked 
| 120|0x00000000a8800000, 0x00000000a8800000, 0x00000000a8900000|  0%| F|  |TAMS 0x00000000a8800000, 0x00000000a8800000| Untracked 
| 121|0x00000000a8900000, 0x00000000a8900000, 0x00000000a8a00000|  0%| F|  |TAMS 0x00000000a8900000, 0x00000000a8900000| Untracked 
| 122|0x00000000a8a00000, 0x00000000a8a00000, 0x00000000a8b00000|  0%| F|  |TAMS 0x00000000a8a00000, 0x00000000a8a00000| Untracked 
| 123|0x00000000a8b00000, 0x00000000a8b00000, 0x00000000a8c00000|  0%| F|  |TAMS 0x00000000a8b00000, 0x00000000a8b00000| Untracked 
| 124|0x00000000a8c00000, 0x00000000a8d00000, 0x00000000a8d00000|100%| E|  |TAMS 0x00000000a8c00000, 0x00000000a8c00000| Complete 
| 125|0x00000000a8d00000, 0x00000000a8e00000, 0x00000000a8e00000|100%| E|CS|TAMS 0x00000000a8d00000, 0x00000000a8d00000| Complete 
| 126|0x00000000a8e00000, 0x00000000a8f00000, 0x00000000a8f00000|100%| E|CS|TAMS 0x00000000a8e00000, 0x00000000a8e00000| Complete 
| 127|0x00000000a8f00000, 0x00000000a9000000, 0x00000000a9000000|100%| E|CS|TAMS 0x00000000a8f00000, 0x00000000a8f00000| Complete 
| 128|0x00000000a9000000, 0x00000000a9100000, 0x00000000a9100000|100%| E|CS|TAMS 0x00000000a9000000, 0x00000000a9000000| Complete 
| 129|0x00000000a9100000, 0x00000000a9200000, 0x00000000a9200000|100%| E|CS|TAMS 0x00000000a9100000, 0x00000000a9100000| Complete 
| 130|0x00000000a9200000, 0x00000000a9300000, 0x00000000a9300000|100%| E|CS|TAMS 0x00000000a9200000, 0x00000000a9200000| Complete 
| 131|0x00000000a9300000, 0x00000000a9400000, 0x00000000a9400000|100%| E|CS|TAMS 0x00000000a9300000, 0x00000000a9300000| Complete 
| 132|0x00000000a9400000, 0x00000000a9500000, 0x00000000a9500000|100%| E|CS|TAMS 0x00000000a9400000, 0x00000000a9400000| Complete 
| 133|0x00000000a9500000, 0x00000000a9600000, 0x00000000a9600000|100%| E|CS|TAMS 0x00000000a9500000, 0x00000000a9500000| Complete 
| 134|0x00000000a9600000, 0x00000000a9700000, 0x00000000a9700000|100%| E|CS|TAMS 0x00000000a9600000, 0x00000000a9600000| Complete 
| 135|0x00000000a9700000, 0x00000000a9800000, 0x00000000a9800000|100%| E|CS|TAMS 0x00000000a9700000, 0x00000000a9700000| Complete 
| 136|0x00000000a9800000, 0x00000000a9900000, 0x00000000a9900000|100%| E|CS|TAMS 0x00000000a9800000, 0x00000000a9800000| Complete 
| 137|0x00000000a9900000, 0x00000000a9a00000, 0x00000000a9a00000|100%| E|CS|TAMS 0x00000000a9900000, 0x00000000a9900000| Complete 
| 138|0x00000000a9a00000, 0x00000000a9b00000, 0x00000000a9b00000|100%| E|CS|TAMS 0x00000000a9a00000, 0x00000000a9a00000| Complete 
| 139|0x00000000a9b00000, 0x00000000a9c00000, 0x00000000a9c00000|100%| E|CS|TAMS 0x00000000a9b00000, 0x00000000a9b00000| Complete 
| 140|0x00000000a9c00000, 0x00000000a9d00000, 0x00000000a9d00000|100%| E|CS|TAMS 0x00000000a9c00000, 0x00000000a9c00000| Complete 
| 141|0x00000000a9d00000, 0x00000000a9e00000, 0x00000000a9e00000|100%| E|CS|TAMS 0x00000000a9d00000, 0x00000000a9d00000| Complete 
| 142|0x00000000a9e00000, 0x00000000a9f00000, 0x00000000a9f00000|100%| E|CS|TAMS 0x00000000a9e00000, 0x00000000a9e00000| Complete 
| 143|0x00000000a9f00000, 0x00000000aa000000, 0x00000000aa000000|100%| E|CS|TAMS 0x00000000a9f00000, 0x00000000a9f00000| Complete 
| 144|0x00000000aa000000, 0x00000000aa100000, 0x00000000aa100000|100%| E|CS|TAMS 0x00000000aa000000, 0x00000000aa000000| Complete 
| 145|0x00000000aa100000, 0x00000000aa200000, 0x00000000aa200000|100%| E|CS|TAMS 0x00000000aa100000, 0x00000000aa100000| Complete 
|1513|0x00000000ff900000, 0x00000000ffa00000, 0x00000000ffa00000|100%| O|  |TAMS 0x00000000ffa00000, 0x00000000ff900000| Untracked 
|1514|0x00000000ffa00000, 0x00000000ffb00000, 0x00000000ffb00000|100%| O|  |TAMS 0x00000000ffb00000, 0x00000000ffa00000| Untracked 
|1515|0x00000000ffb00000, 0x00000000ffc00000, 0x00000000ffc00000|100%| O|  |TAMS 0x00000000ffc00000, 0x00000000ffb00000| Untracked 
|1516|0x00000000ffc00000, 0x00000000ffd00000, 0x00000000ffd00000|100%| O|  |TAMS 0x00000000ffd00000, 0x00000000ffc00000| Untracked 
|1517|0x00000000ffd00000, 0x00000000ffe00000, 0x00000000ffe00000|100%| O|  |TAMS 0x00000000ffe00000, 0x00000000ffd00000| Untracked 
|1518|0x00000000ffe00000, 0x00000000fff00000, 0x00000000fff00000|100%| O|  |TAMS 0x00000000fff00000, 0x00000000ffe00000| Untracked 
|1519|0x00000000fff00000, 0x0000000100000000, 0x0000000100000000|100%| O|  |TAMS 0x0000000100000000, 0x00000000fff00000| Untracked 

Card table byte_map: [0x0000028babde0000,0x0000028bac0e0000] _byte_map_base: 0x0000028bab8d8000

Marking Bits (Prev, Next): (CMBitMap*) 0x0000028b93e427e0, (CMBitMap*) 0x0000028b93e42820
 Prev Bits: [0x0000028bac3e0000, 0x0000028badba0000)
 Next Bits: [0x0000028badba0000, 0x0000028baf360000)

Polling page: 0x0000028b935d0000

Metaspace:

Usage:
  Non-class:     33.55 MB used.
      Class:      4.80 MB used.
       Both:     38.36 MB used.

Virtual space:
  Non-class space:       40.00 MB reserved,      34.06 MB ( 85%) committed,  5 nodes.
      Class space:        1.00 GB reserved,       5.19 MB ( <1%) committed,  1 nodes.
              Both:        1.04 GB reserved,      39.25 MB (  4%) committed. 

Chunk freelists:
   Non-Class:  1.05 MB
       Class:  2.76 MB
        Both:  3.80 MB

MaxMetaspaceSize: 17179869184.00 GB
CompressedClassSpaceSize: 1.00 GB
 - commit_granule_bytes: 65536.
 - commit_granule_words: 8192.
 - virtual_space_node_default_size: 1048576.
 - enlarge_chunks_in_place: 1.
 - new_chunks_are_fully_committed: 0.
 - uncommit_free_chunks: 1.
 - use_allocation_guard: 0.
 - handle_deallocations: 1.


Internal statistics:

num_allocs_failed_limit: 6.
num_arena_births: 1346.
num_arena_deaths: 0.
num_vsnodes_births: 6.
num_vsnodes_deaths: 0.
num_space_committed: 627.
num_space_uncommitted: 0.
num_chunks_returned_to_freelist: 6.
num_chunks_taken_from_freelist: 2762.
num_chunk_merges: 6.
num_chunk_splits: 1827.
num_chunks_enlarged: 1174.
num_purges: 0.

CodeHeap 'non-profiled nmethods': size=120000Kb used=4149Kb max_used=4149Kb free=115850Kb
 bounds [0x0000028ba4280000, 0x0000028ba4690000, 0x0000028bab7b0000]
CodeHeap 'profiled nmethods': size=120000Kb used=11698Kb max_used=11698Kb free=108301Kb
 bounds [0x0000028b9cd50000, 0x0000028b9d8c0000, 0x0000028ba4280000]
CodeHeap 'non-nmethods': size=5760Kb used=1393Kb max_used=1433Kb free=4366Kb
 bounds [0x0000028b9c7b0000, 0x0000028b9ca20000, 0x0000028b9cd50000]
 total_blobs=6773 nmethods=6032 adapters=653
 compilation: enabled
              stopped_count=0, restarted_count=0
 full_count=0

Compilation events (20 events):
Event: 22.543 Thread 0x0000028bb1d871e0 7001 %     3       java.util.AbstractCollection::toArray @ 15 (70 bytes)
Event: 22.544 Thread 0x0000028bb1d871e0 nmethod 7001% 0x0000028b9d8aef90 code [0x0000028b9d8af1e0, 0x0000028b9d8afc48]
Event: 22.544 Thread 0x0000028bb1d871e0 7002 %     3       com.google.common.collect.Maps::indexMap @ 23 (62 bytes)
Event: 22.545 Thread 0x0000028bb1d871e0 nmethod 7002% 0x0000028b9d8aff10 code [0x0000028b9d8b0160, 0x0000028b9d8b0c58]
Event: 22.548 Thread 0x0000028bb1d871e0 7003       2       com.google.common.collect.StandardTable$ColumnKeySet::size (8 bytes)
Event: 22.548 Thread 0x0000028bb1d871e0 nmethod 7003 0x0000028b9d8b1010 code [0x0000028b9d8b11c0, 0x0000028b9d8b1378]
Event: 22.548 Thread 0x0000028bb1d871e0 7004       2       com.google.common.collect.AbstractTable$CellSet::iterator (8 bytes)
Event: 22.548 Thread 0x0000028bb1d871e0 nmethod 7004 0x0000028b9d8b1490 code [0x0000028b9d8b1640, 0x0000028b9d8b1768]
Event: 22.548 Thread 0x0000028bb1d871e0 7005       2       com.google.common.collect.StandardTable::cellIterator (10 bytes)
Event: 22.548 Thread 0x0000028bb1d871e0 nmethod 7005 0x0000028b9d8b1810 code [0x0000028b9d8b19c0, 0x0000028b9d8b1b48]
Event: 22.548 Thread 0x0000028bb1d871e0 7006       2       com.google.common.collect.StandardTable$CellIterator::<init> (6 bytes)
Event: 22.549 Thread 0x0000028bb1d871e0 nmethod 7006 0x0000028b9d8b1c10 code [0x0000028b9d8b1dc0, 0x0000028b9d8b1ee8]
Event: 22.549 Thread 0x0000028bb1d871e0 7007       2       com.google.common.collect.StandardTable$CellIterator::<init> (38 bytes)
Event: 22.549 Thread 0x0000028bb1d871e0 nmethod 7007 0x0000028b9d8b1f90 code [0x0000028b9d8b2160, 0x0000028b9d8b23f8]
Event: 22.549 Thread 0x0000028bb1d871e0 7009 %     3       com.google.common.collect.Iterators::size @ 2 (30 bytes)
Event: 22.549 Thread 0x0000028bb1d871e0 nmethod 7009% 0x0000028b9d8b2510 code [0x0000028b9d8b2700, 0x0000028b9d8b2bf8]
Event: 22.549 Thread 0x0000028bb1d871e0 7008       2       com.google.common.collect.Iterators::emptyModifiableIterator (4 bytes)
Event: 22.550 Thread 0x0000028bb1d871e0 nmethod 7008 0x0000028b9d8b2d90 code [0x0000028b9d8b2f20, 0x0000028b9d8b3018]
Event: 22.553 Thread 0x0000028bb1d871e0 7010 %     3       com.google.common.collect.AbstractTable::putAll @ 12 (58 bytes)
Event: 22.554 Thread 0x0000028bb1d871e0 nmethod 7010% 0x0000028b9d8b3090 code [0x0000028b9d8b32c0, 0x0000028b9d8b3c78]

GC Heap History (20 events):
Event: 14.723 GC heap before
{Heap before GC invocations=16 (full 0):
 garbage-first heap   total 156672K, used 130421K [0x00000000a1000000, 0x0000000100000000)
  region size 1024K, 74 young (75776K), 2 survivors (2048K)
 Metaspace       used 26883K, committed 27712K, reserved 1081344K
  class space    used 3165K, committed 3584K, reserved 1048576K
}
Event: 14.728 GC heap after
{Heap after GC invocations=17 (full 0):
 garbage-first heap   total 156672K, used 57337K [0x00000000a1000000, 0x0000000100000000)
  region size 1024K, 3 young (3072K), 3 survivors (3072K)
 Metaspace       used 26883K, committed 27712K, reserved 1081344K
  class space    used 3165K, committed 3584K, reserved 1048576K
}
Event: 15.430 GC heap before
{Heap before GC invocations=17 (full 0):
 garbage-first heap   total 156672K, used 136185K [0x00000000a1000000, 0x0000000100000000)
  region size 1024K, 75 young (76800K), 3 survivors (3072K)
 Metaspace       used 26885K, committed 27712K, reserved 1081344K
  class space    used 3165K, committed 3584K, reserved 1048576K
}
Event: 15.435 GC heap after
{Heap after GC invocations=18 (full 0):
 garbage-first heap   total 156672K, used 57748K [0x00000000a1000000, 0x0000000100000000)
  region size 1024K, 3 young (3072K), 3 survivors (3072K)
 Metaspace       used 26885K, committed 27712K, reserved 1081344K
  class space    used 3165K, committed 3584K, reserved 1048576K
}
Event: 15.905 GC heap before
{Heap before GC invocations=18 (full 0):
 garbage-first heap   total 156672K, used 131476K [0x00000000a1000000, 0x0000000100000000)
  region size 1024K, 76 young (77824K), 3 survivors (3072K)
 Metaspace       used 26911K, committed 27776K, reserved 1081344K
  class space    used 3167K, committed 3584K, reserved 1048576K
}
Event: 15.911 GC heap after
{Heap after GC invocations=19 (full 0):
 garbage-first heap   total 156672K, used 58449K [0x00000000a1000000, 0x0000000100000000)
  region size 1024K, 4 young (4096K), 4 survivors (4096K)
 Metaspace       used 26911K, committed 27776K, reserved 1081344K
  class space    used 3167K, committed 3584K, reserved 1048576K
}
Event: 16.614 GC heap before
{Heap before GC invocations=19 (full 0):
 garbage-first heap   total 156672K, used 133201K [0x00000000a1000000, 0x0000000100000000)
  region size 1024K, 77 young (78848K), 4 survivors (4096K)
 Metaspace       used 27478K, committed 28288K, reserved 1081344K
  class space    used 3241K, committed 3584K, reserved 1048576K
}
Event: 16.622 GC heap after
{Heap after GC invocations=20 (full 0):
 garbage-first heap   total 156672K, used 59631K [0x00000000a1000000, 0x0000000100000000)
  region size 1024K, 5 young (5120K), 5 survivors (5120K)
 Metaspace       used 27478K, committed 28288K, reserved 1081344K
  class space    used 3241K, committed 3584K, reserved 1048576K
}
Event: 17.341 GC heap before
{Heap before GC invocations=20 (full 0):
 garbage-first heap   total 156672K, used 132335K [0x00000000a1000000, 0x0000000100000000)
  region size 1024K, 77 young (78848K), 5 survivors (5120K)
 Metaspace       used 27676K, committed 28544K, reserved 1081344K
  class space    used 3268K, committed 3648K, reserved 1048576K
}
Event: 17.351 GC heap after
{Heap after GC invocations=21 (full 0):
 garbage-first heap   total 156672K, used 60365K [0x00000000a1000000, 0x0000000100000000)
  region size 1024K, 6 young (6144K), 6 survivors (6144K)
 Metaspace       used 27676K, committed 28544K, reserved 1081344K
  class space    used 3268K, committed 3648K, reserved 1048576K
}
Event: 17.812 GC heap before
{Heap before GC invocations=21 (full 0):
 garbage-first heap   total 156672K, used 133069K [0x00000000a1000000, 0x0000000100000000)
  region size 1024K, 77 young (78848K), 6 survivors (6144K)
 Metaspace       used 28842K, committed 29632K, reserved 1081344K
  class space    used 3421K, committed 3776K, reserved 1048576K
}
Event: 17.824 GC heap after
{Heap after GC invocations=22 (full 0):
 garbage-first heap   total 156672K, used 61952K [0x00000000a1000000, 0x0000000100000000)
  region size 1024K, 6 young (6144K), 6 survivors (6144K)
 Metaspace       used 28842K, committed 29632K, reserved 1081344K
  class space    used 3421K, committed 3776K, reserved 1048576K
}
Event: 18.789 GC heap before
{Heap before GC invocations=22 (full 0):
 garbage-first heap   total 156672K, used 144896K [0x00000000a1000000, 0x0000000100000000)
  region size 1024K, 76 young (77824K), 6 survivors (6144K)
 Metaspace       used 31394K, committed 32320K, reserved 1081344K
  class space    used 3651K, committed 4096K, reserved 1048576K
}
Event: 18.797 GC heap after
{Heap after GC invocations=23 (full 0):
 garbage-first heap   total 156672K, used 73836K [0x00000000a1000000, 0x0000000100000000)
  region size 1024K, 6 young (6144K), 6 survivors (6144K)
 Metaspace       used 31394K, committed 32320K, reserved 1081344K
  class space    used 3651K, committed 4096K, reserved 1048576K
}
Event: 21.253 GC heap before
{Heap before GC invocations=23 (full 0):
 garbage-first heap   total 156672K, used 133228K [0x00000000a1000000, 0x0000000100000000)
  region size 1024K, 64 young (65536K), 6 survivors (6144K)
 Metaspace       used 34291K, committed 35264K, reserved 1081344K
  class space    used 4045K, committed 4480K, reserved 1048576K
}
Event: 21.262 GC heap after
{Heap after GC invocations=24 (full 0):
 garbage-first heap   total 156672K, used 75223K [0x00000000a1000000, 0x0000000100000000)
  region size 1024K, 5 young (5120K), 5 survivors (5120K)
 Metaspace       used 34291K, committed 35264K, reserved 1081344K
  class space    used 4045K, committed 4480K, reserved 1048576K
}
Event: 21.435 GC heap before
{Heap before GC invocations=24 (full 0):
 garbage-first heap   total 156672K, used 86487K [0x00000000a1000000, 0x0000000100000000)
  region size 1024K, 17 young (17408K), 5 survivors (5120K)
 Metaspace       used 34960K, committed 35840K, reserved 1081344K
  class space    used 4151K, committed 4544K, reserved 1048576K
}
Event: 21.441 GC heap after
{Heap after GC invocations=25 (full 0):
 garbage-first heap   total 156672K, used 75848K [0x00000000a1000000, 0x0000000100000000)
  region size 1024K, 4 young (4096K), 4 survivors (4096K)
 Metaspace       used 34960K, committed 35840K, reserved 1081344K
  class space    used 4151K, committed 4544K, reserved 1048576K
}
Event: 22.386 GC heap before
{Heap before GC invocations=26 (full 0):
 garbage-first heap   total 156672K, used 135240K [0x00000000a1000000, 0x0000000100000000)
  region size 1024K, 62 young (63488K), 4 survivors (4096K)
 Metaspace       used 38967K, committed 39872K, reserved 1089536K
  class space    used 4885K, committed 5312K, reserved 1048576K
}
Event: 22.396 GC heap after
{Heap after GC invocations=27 (full 0):
 garbage-first heap   total 156672K, used 77192K [0x00000000a1000000, 0x0000000100000000)
  region size 1024K, 6 young (6144K), 6 survivors (6144K)
 Metaspace       used 38967K, committed 39872K, reserved 1089536K
  class space    used 4885K, committed 5312K, reserved 1048576K
}

Deoptimization events (20 events):
Event: 21.423 Thread 0x0000028bb51b2b30 Uncommon trap: trap_request=0xffffffde fr.pc=0x0000028ba45f59d4 relative=0x00000000000097f4
Event: 21.423 Thread 0x0000028bb51b2b30 Uncommon trap: reason=class_check action=maybe_recompile pc=0x0000028ba45f59d4 method=org.objectweb.asm.ClassReader.readCode(Lorg/objectweb/asm/MethodVisitor;Lorg/objectweb/asm/Context;I)V @ 3743 c2
Event: 21.423 Thread 0x0000028bb51b2b30 DEOPT PACKING pc=0x0000028ba45f59d4 sp=0x000000f11a8f6dd0
Event: 21.423 Thread 0x0000028bb51b2b30 DEOPT UNPACKING pc=0x0000028b9c7fd72e sp=0x000000f11a8f6cf8 mode 2
Event: 22.057 Thread 0x0000028bb51b2b30 Uncommon trap: trap_request=0xffffff45 fr.pc=0x0000028ba430cb68 relative=0x0000000000000248
Event: 22.057 Thread 0x0000028bb51b2b30 Uncommon trap: reason=unstable_if action=reinterpret pc=0x0000028ba430cb68 method=java.util.HashMap.hash(Ljava/lang/Object;)I @ 1 c2
Event: 22.057 Thread 0x0000028bb51b2b30 DEOPT PACKING pc=0x0000028ba430cb68 sp=0x000000f11a8f8c60
Event: 22.057 Thread 0x0000028bb51b2b30 DEOPT UNPACKING pc=0x0000028b9c7fd72e sp=0x000000f11a8f8af8 mode 2
Event: 22.067 Thread 0x0000028bb51b2b30 Uncommon trap: trap_request=0xffffff45 fr.pc=0x0000028ba42c836c relative=0x000000000000024c
Event: 22.067 Thread 0x0000028bb51b2b30 Uncommon trap: reason=unstable_if action=reinterpret pc=0x0000028ba42c836c method=java.util.HashMap.hash(Ljava/lang/Object;)I @ 1 c2
Event: 22.067 Thread 0x0000028bb51b2b30 DEOPT PACKING pc=0x0000028ba42c836c sp=0x000000f11a8f8bf0
Event: 22.067 Thread 0x0000028bb51b2b30 DEOPT UNPACKING pc=0x0000028b9c7fd72e sp=0x000000f11a8f8af8 mode 2
Event: 22.107 Thread 0x0000028bb51b2b30 DEOPT PACKING pc=0x0000028b9d81f002 sp=0x000000f11a8f92c0
Event: 22.107 Thread 0x0000028bb51b2b30 DEOPT UNPACKING pc=0x0000028b9c7fdece sp=0x000000f11a8f87b0 mode 0
Event: 22.498 Thread 0x0000028bb51b2b30 Uncommon trap: trap_request=0xffffff45 fr.pc=0x0000028ba43c69b8 relative=0x0000000000000198
Event: 22.498 Thread 0x0000028bb51b2b30 Uncommon trap: reason=unstable_if action=reinterpret pc=0x0000028ba43c69b8 method=java.util.HashMap.getNode(Ljava/lang/Object;)Ljava/util/HashMap$Node; @ 131 c2
Event: 22.498 Thread 0x0000028bb51b2b30 DEOPT PACKING pc=0x0000028ba43c69b8 sp=0x000000f11a8fac00
Event: 22.498 Thread 0x0000028bb51b2b30 DEOPT UNPACKING pc=0x0000028b9c7fd72e sp=0x000000f11a8fab00 mode 2
Event: 22.533 Thread 0x0000028bb51b2b30 DEOPT PACKING pc=0x0000028b9d871466 sp=0x000000f11a8fab10
Event: 22.533 Thread 0x0000028bb51b2b30 DEOPT UNPACKING pc=0x0000028b9c7fdece sp=0x000000f11a8f9f98 mode 0

Classes unloaded (0 events):
No events

Classes redefined (0 events):
No events

Internal exceptions (20 events):
Event: 20.596 Thread 0x0000028bb51aeb70 Exception <a 'sun/nio/fs/WindowsException'{0x00000000a7c207b8}> (0x00000000a7c207b8) 
thrown [e:\jenkins\tmp\workspace\build\src\src\hotspot\share\prims\jni.cpp, line 579]
Event: 20.596 Thread 0x0000028bb51aeb70 Exception <a 'sun/nio/fs/WindowsException'{0x00000000a7c21db0}> (0x00000000a7c21db0) 
thrown [e:\jenkins\tmp\workspace\build\src\src\hotspot\share\prims\jni.cpp, line 579]
Event: 20.596 Thread 0x0000028bb51aeb70 Exception <a 'sun/nio/fs/WindowsException'{0x00000000a7c233f8}> (0x00000000a7c233f8) 
thrown [e:\jenkins\tmp\workspace\build\src\src\hotspot\share\prims\jni.cpp, line 579]
Event: 20.596 Thread 0x0000028bb51aeb70 Exception <a 'sun/nio/fs/WindowsException'{0x00000000a7c23728}> (0x00000000a7c23728) 
thrown [e:\jenkins\tmp\workspace\build\src\src\hotspot\share\prims\jni.cpp, line 579]
Event: 20.596 Thread 0x0000028bb51aeb70 Exception <a 'sun/nio/fs/WindowsException'{0x00000000a7c240c0}> (0x00000000a7c240c0) 
thrown [e:\jenkins\tmp\workspace\build\src\src\hotspot\share\prims\jni.cpp, line 579]
Event: 20.597 Thread 0x0000028bb51aeb70 Exception <a 'sun/nio/fs/WindowsException'{0x00000000a7c26b18}> (0x00000000a7c26b18) 
thrown [e:\jenkins\tmp\workspace\build\src\src\hotspot\share\prims\jni.cpp, line 579]
Event: 20.598 Thread 0x0000028bb51aeb70 Exception <a 'sun/nio/fs/WindowsException'{0x00000000a7c28308}> (0x00000000a7c28308) 
thrown [e:\jenkins\tmp\workspace\build\src\src\hotspot\share\prims\jni.cpp, line 579]
Event: 20.955 Thread 0x0000028b93e08dc0 Exception <a 'java/lang/UnsatisfiedLinkError'{0x00000000a89c8f88}: The specified procedure could not be found.
> (0x00000000a89c8f88) 
thrown [e:\jenkins\tmp\workspace\build\src\src\hotspot\share\prims\jni.cpp, line 600]
Event: 20.958 Thread 0x0000028b93e08dc0 Exception <a 'java/lang/UnsatisfiedLinkError'{0x00000000a89cfa38}: The specified procedure could not be found.
> (0x00000000a89cfa38) 
thrown [e:\jenkins\tmp\workspace\build\src\src\hotspot\share\prims\jni.cpp, line 600]
Event: 20.958 Thread 0x0000028b93e08dc0 Exception <a 'java/lang/UnsatisfiedLinkError'{0x00000000a89d0f80}: The specified procedure could not be found.
> (0x00000000a89d0f80) 
thrown [e:\jenkins\tmp\workspace\build\src\src\hotspot\share\prims\jni.cpp, line 600]
Event: 20.958 Thread 0x0000028b93e08dc0 Exception <a 'java/lang/UnsatisfiedLinkError'{0x00000000a7c81988}: The specified procedure could not be found.
> (0x00000000a7c81988) 
thrown [e:\jenkins\tmp\workspace\build\src\src\hotspot\share\prims\jni.cpp, line 600]
Event: 21.387 Thread 0x0000028bb51b2b30 Exception <a 'java/lang/NoSuchMethodError'{0x00000000a9827768}: 'int java.lang.invoke.DirectMethodHandle$Holder.invokeSpecial(java.lang.Object, java.lang.Object, java.lang.Object, java.lang.Object, java.lang.Object, java.lang.Object, java.lang.Object)'> (0x00000000a9827768) 
thrown [e:\jenkins\tmp\workspace\build\src\src\hotspot\share\interpreter\linkResolver.cpp, line 790]
Event: 22.057 Thread 0x0000028bb51b2b30 Implicit null exception at 0x0000028ba430c96c to 0x0000028ba430cb50
Event: 22.067 Thread 0x0000028bb51b2b30 Implicit null exception at 0x0000028ba42c816c to 0x0000028ba42c8354
Event: 22.203 Thread 0x0000028bb51b2b30 Exception <a 'java/lang/NoSuchMethodError'{0x00000000a6dd44e0}: 'void java.lang.invoke.DirectMethodHandle$Holder.invokeStatic(java.lang.Object, java.lang.Object, java.lang.Object, java.lang.Object, java.lang.Object, java.lang.Object, java.lang.Object)'> (0x00000000a6dd44e0) 
thrown [e:\jenkins\tmp\workspace\build\src\src\hotspot\share\interpreter\linkResolver.cpp, line 790]
Event: 22.204 Thread 0x0000028bb51b2b30 Exception <a 'java/lang/NoSuchMethodError'{0x00000000a6ddd230}: 'java.lang.Object java.lang.invoke.DirectMethodHandle$Holder.newInvokeSpecial(java.lang.Object, java.lang.Object, java.lang.Object, java.lang.Object, java.lang.Object, java.lang.Object)'> (0x00000000a6ddd230) 
thrown [e:\jenkins\tmp\workspace\build\src\src\hotspot\share\interpreter\linkResolver.cpp, line 790]
Event: 22.215 Thread 0x0000028bb51b2b30 Exception <a 'java/lang/NoSuchMethodError'{0x00000000a6c2f3a0}: 'java.lang.Object java.lang.invoke.DirectMethodHandle$Holder.invokeSpecialIFC(java.lang.Object, java.lang.Object, java.lang.Object, java.lang.Object)'> (0x00000000a6c2f3a0) 
thrown [e:\jenkins\tmp\workspace\build\src\src\hotspot\share\interpreter\linkResolver.cpp, line 790]
Event: 22.277 Thread 0x0000028bb51b2b30 Exception <a 'java/lang/NoSuchMethodError'{0x00000000a6940a00}: 'java.lang.Object java.lang.invoke.DirectMethodHandle$Holder.invokeSpecialIFC(java.lang.Object, java.lang.Object, java.lang.Object)'> (0x00000000a6940a00) 
thrown [e:\jenkins\tmp\workspace\build\src\src\hotspot\share\interpreter\linkResolver.cpp, line 790]
Event: 22.398 Thread 0x0000028bb51b2b30 Exception <a 'java/lang/NoSuchMethodError'{0x00000000aa107830}: 'java.lang.Object java.lang.invoke.DirectMethodHandle$Holder.invokeStatic(java.lang.Object, int, int, java.lang.Object)'> (0x00000000aa107830) 
thrown [e:\jenkins\tmp\workspace\build\src\src\hotspot\share\interpreter\linkResolver.cpp, line 790]
Event: 22.398 Thread 0x0000028bb51b2b30 Exception <a 'java/lang/NoSuchMethodError'{0x00000000aa10b380}: 'java.lang.Object java.lang.invoke.DirectMethodHandle$Holder.invokeStaticInit(java.lang.Object, int, int, java.lang.Object)'> (0x00000000aa10b380) 
thrown [e:\jenkins\tmp\workspace\build\src\src\hotspot\share\interpreter\linkResolver.cpp, line 790]

Events (20 events):
Event: 22.370 Executing  VM operation: ICBufferFull
Event: 22.370 Executing  VM operation: ICBufferFull done
Event: 22.385 Executing  VM operation: G1CollectForAllocation
Event: 22.396 Executing  VM operation: G1CollectForAllocation done
Event: 22.422 Executing  VM operation: ICBufferFull
Event: 22.422 Executing  VM operation: ICBufferFull done
Event: 22.428 Executing  VM operation: ICBufferFull
Event: 22.428 Executing  VM operation: ICBufferFull done
Event: 22.433 Executing  VM operation: ICBufferFull
Event: 22.433 Executing  VM operation: ICBufferFull done
Event: 22.438 Executing  VM operation: ICBufferFull
Event: 22.438 Executing  VM operation: ICBufferFull done
Event: 22.448 Executing  VM operation: ICBufferFull
Event: 22.448 Executing  VM operation: ICBufferFull done
Event: 22.477 Executing  VM operation: ICBufferFull
Event: 22.477 Executing  VM operation: ICBufferFull done
Event: 22.485 Executing  VM operation: ICBufferFull
Event: 22.485 Executing  VM operation: ICBufferFull done
Event: 22.487 Executing  VM operation: ICBufferFull
Event: 22.487 Executing  VM operation: ICBufferFull done


Dynamic libraries:
0x00007ff6f8b30000 - 0x00007ff6f8b3e000 	C:\Program Files\Pylo\MCreator\jdk\bin\java.exe
0x00007ff865e40000 - 0x00007ff866049000 	C:\WINDOWS\SYSTEM32\ntdll.dll
0x00007ff864e50000 - 0x00007ff864f0d000 	C:\WINDOWS\System32\KERNEL32.DLL
0x00007ff863630000 - 0x00007ff8639a4000 	C:\WINDOWS\System32\KERNELBASE.dll
0x00007ff863bc0000 - 0x00007ff863cd1000 	C:\WINDOWS\System32\ucrtbase.dll
0x00007ff8493d0000 - 0x00007ff8493e8000 	C:\Program Files\Pylo\MCreator\jdk\bin\jli.dll
0x00007ff846d40000 - 0x00007ff846d59000 	C:\Program Files\Pylo\MCreator\jdk\bin\VCRUNTIME140.dll
0x00007ff863ce0000 - 0x00007ff863e8c000 	C:\WINDOWS\System32\USER32.dll
0x00007ff8639b0000 - 0x00007ff8639d6000 	C:\WINDOWS\System32\win32u.dll
0x00007ff84d5a0000 - 0x00007ff84d845000 	C:\WINDOWS\WinSxS\amd64_microsoft.windows.common-controls_6595b64144ccf1df_6.0.22000.120_none_9d947278b86cc467\COMCTL32.dll
0x00007ff864f10000 - 0x00007ff864fb3000 	C:\WINDOWS\System32\msvcrt.dll
0x00007ff864740000 - 0x00007ff864769000 	C:\WINDOWS\System32\GDI32.dll
0x00007ff863aa0000 - 0x00007ff863bb2000 	C:\WINDOWS\System32\gdi32full.dll
0x00007ff863330000 - 0x00007ff8633cd000 	C:\WINDOWS\System32\msvcp_win.dll
0x00007ff865770000 - 0x00007ff8657a1000 	C:\WINDOWS\System32\IMM32.DLL
0x00007ff8551e0000 - 0x00007ff8551ec000 	C:\Program Files\Pylo\MCreator\jdk\bin\vcruntime140_1.dll
0x00007ff832ad0000 - 0x00007ff832b61000 	C:\Program Files\Pylo\MCreator\jdk\bin\msvcp140.dll
0x00007fffe5ab0000 - 0x00007fffe66e7000 	C:\Program Files\Pylo\MCreator\jdk\bin\server\jvm.dll
0x00007ff865d50000 - 0x00007ff865dfe000 	C:\WINDOWS\System32\ADVAPI32.dll
0x00007ff8648d0000 - 0x00007ff86496e000 	C:\WINDOWS\System32\sechost.dll
0x00007ff863fe0000 - 0x00007ff864100000 	C:\WINDOWS\System32\RPCRT4.dll
0x00007ff864970000 - 0x00007ff864978000 	C:\WINDOWS\System32\PSAPI.DLL
0x00007ff85a8c0000 - 0x00007ff85a8ca000 	C:\WINDOWS\SYSTEM32\VERSION.dll
0x00007ff84b800000 - 0x00007ff84b809000 	C:\WINDOWS\SYSTEM32\WSOCK32.dll
0x00007ff85de90000 - 0x00007ff85dec3000 	C:\WINDOWS\SYSTEM32\WINMM.dll
0x00007ff864770000 - 0x00007ff8647df000 	C:\WINDOWS\System32\WS2_32.dll
0x00007ff862430000 - 0x00007ff862448000 	C:\WINDOWS\SYSTEM32\kernel.appcore.dll
0x00007ff845460000 - 0x00007ff84546a000 	C:\Program Files\Pylo\MCreator\jdk\bin\jimage.dll
0x00007ff860dc0000 - 0x00007ff860fe1000 	C:\WINDOWS\SYSTEM32\DBGHELP.DLL
0x00007ff84f8b0000 - 0x00007ff84f8e1000 	C:\WINDOWS\SYSTEM32\dbgcore.DLL
0x00007ff8633d0000 - 0x00007ff86344f000 	C:\WINDOWS\System32\bcryptPrimitives.dll
0x00007ff845170000 - 0x00007ff845195000 	C:\Program Files\Pylo\MCreator\jdk\bin\java.dll
0x00007ff864fc0000 - 0x00007ff86576e000 	C:\WINDOWS\System32\SHELL32.dll
0x00007ff8614a0000 - 0x00007ff861d08000 	C:\WINDOWS\SYSTEM32\windows.storage.dll
0x00007ff8643c0000 - 0x00007ff864738000 	C:\WINDOWS\System32\combase.dll
0x00007ff861330000 - 0x00007ff861496000 	C:\WINDOWS\SYSTEM32\wintypes.dll
0x00007ff8647e0000 - 0x00007ff8648ca000 	C:\WINDOWS\System32\SHCORE.dll
0x00007ff864980000 - 0x00007ff8649dd000 	C:\WINDOWS\System32\shlwapi.dll
0x00007ff863260000 - 0x00007ff863281000 	C:\WINDOWS\SYSTEM32\profapi.dll
0x00007ff844720000 - 0x00007ff844739000 	C:\Program Files\Pylo\MCreator\jdk\bin\net.dll
0x00007ff85c730000 - 0x00007ff85c83c000 	C:\WINDOWS\SYSTEM32\WINHTTP.dll
0x00007ff862860000 - 0x00007ff8628c7000 	C:\WINDOWS\system32\mswsock.dll
0x00007ff8445e0000 - 0x00007ff8445f3000 	C:\Program Files\Pylo\MCreator\jdk\bin\nio.dll
0x00007ff842210000 - 0x00007ff842228000 	C:\Program Files\Pylo\MCreator\jdk\bin\zip.dll
0x00007ff842200000 - 0x00007ff842210000 	C:\Program Files\Pylo\MCreator\jdk\bin\verify.dll
0x00007ff8447a0000 - 0x00007ff8447a9000 	C:\Program Files\Pylo\MCreator\jdk\bin\management.dll
0x00007ff8445d0000 - 0x00007ff8445db000 	C:\Program Files\Pylo\MCreator\jdk\bin\management_ext.dll
0x00007ff83dd30000 - 0x00007ff83dd47000 	C:\WINDOWS\system32\napinsp.dll
0x00007ff83dd10000 - 0x00007ff83dd2b000 	C:\WINDOWS\system32\pnrpnsp.dll
0x00007ff862020000 - 0x00007ff862107000 	C:\WINDOWS\SYSTEM32\DNSAPI.dll
0x00007ff861fa0000 - 0x00007ff861fcd000 	C:\WINDOWS\SYSTEM32\IPHLPAPI.DLL
0x00007ff864340000 - 0x00007ff864349000 	C:\WINDOWS\System32\NSI.dll
0x00007ff83dcf0000 - 0x00007ff83dd02000 	C:\WINDOWS\System32\winrnr.dll
0x00007ff857e10000 - 0x00007ff857e25000 	C:\WINDOWS\system32\wshbth.dll
0x00007ff855a80000 - 0x00007ff855a9f000 	C:\WINDOWS\system32\nlansp_c.dll
0x00007ff8565c0000 - 0x00007ff8565ca000 	C:\Windows\System32\rasadhlp.dll
0x00007ff85ab90000 - 0x00007ff85ac11000 	C:\WINDOWS\System32\fwpuclnt.dll
0x00007ff862aa0000 - 0x00007ff862ab8000 	C:\WINDOWS\SYSTEM32\CRYPTSP.dll
0x00007ff862390000 - 0x00007ff8623c5000 	C:\WINDOWS\system32\rsaenh.dll
0x00007ff862950000 - 0x00007ff862979000 	C:\WINDOWS\SYSTEM32\USERENV.dll
0x00007ff862c20000 - 0x00007ff862c47000 	C:\WINDOWS\SYSTEM32\bcrypt.dll
0x00007ff862ac0000 - 0x00007ff862acc000 	C:\WINDOWS\SYSTEM32\CRYPTBASE.dll
0x00007ff85d820000 - 0x00007ff85d839000 	C:\WINDOWS\SYSTEM32\dhcpcsvc6.DLL
0x00007ff85d840000 - 0x00007ff85d85e000 	C:\WINDOWS\SYSTEM32\dhcpcsvc.DLL
0x00007ff84f4d0000 - 0x00007ff84f514000 	C:\Users\Rily Zimmehl\AppData\Local\Temp\jna--92349794\jna11598507645581874893.dll
0x00007ff8657b0000 - 0x00007ff86594a000 	C:\WINDOWS\System32\Ole32.dll
0x00007ff865c90000 - 0x00007ff865d3f000 	C:\WINDOWS\System32\clbcatq.dll
0x00007ff863ef0000 - 0x00007ff863fc6000 	C:\WINDOWS\System32\OleAut32.dll
0x00007ff855b70000 - 0x00007ff855b8d000 	C:\WINDOWS\SYSTEM32\amsi.dll
0x00007ff8532e0000 - 0x00007ff853359000 	C:\ProgramData\Microsoft\Windows Defender\Platform\4.18.2201.10-0\MpOav.dll
0x00007ff853230000 - 0x00007ff8532de000 	C:\Program Files\Norton Security\Engine\22.22.1.58\symamsi.dll
0x00007ff8635c0000 - 0x00007ff863627000 	C:\WINDOWS\System32\WINTRUST.dll
0x00007ff863450000 - 0x00007ff8635b2000 	C:\WINDOWS\System32\CRYPT32.dll
0x00007ff862b00000 - 0x00007ff862b12000 	C:\WINDOWS\SYSTEM32\MSASN1.dll
0x00007ff81a000000 - 0x00007ff81a04f000 	C:\WINDOWS\SYSTEM32\Pdh.dll
0x00007ff81a150000 - 0x00007ff81a160000 	C:\WINDOWS\System32\perfos.dll
0x00007ff860690000 - 0x00007ff86069e000 	C:\WINDOWS\SYSTEM32\pfclient.dll
0x00007ff863200000 - 0x00007ff86324d000 	C:\WINDOWS\SYSTEM32\powrprof.dll
0x00007ff8631e0000 - 0x00007ff8631f3000 	C:\WINDOWS\SYSTEM32\UMPDC.dll

dbghelp: loaded successfully - version: 4.0.5 - missing functions: none
symbol engine: initialized successfully - sym options: 0x614 - pdb path: .;C:\Program Files\Pylo\MCreator\jdk\bin;C:\WINDOWS\SYSTEM32;C:\WINDOWS\WinSxS\amd64_microsoft.windows.common-controls_6595b64144ccf1df_6.0.22000.120_none_9d947278b86cc467;C:\Program Files\Pylo\MCreator\jdk\bin\server;C:\Users\Rily Zimmehl\AppData\Local\Temp\jna--92349794;C:\ProgramData\Microsoft\Windows Defender\Platform\4.18.2201.10-0;C:\Program Files\Norton Security\Engine\22.22.1.58

VM Arguments:
jvm_args: -Dforge.logging.console.level=debug -Dforge.logging.markers=REGISTRIES -DignoreList=bootstraplauncher,securejarhandler,asm-commons,asm-util,asm-analysis,asm-tree,asm,client-extra,fmlcore,javafmllanguage,mclanguage,forge- -DlegacyClassPath.file=C:\Users\Rily Zimmehl\MCreatorWorkspaces\oaks_decor\build\classpath\runClient_minecraftClasspath.txt -DmergeModules=jna-5.8.0.jar,jna-platform-58.0.jar,java-objc-bridge-1.0.0.jar -DnativesDirectory=C:\Users\Rily Zimmehl\MCreatorWorkspaces\oaks_decor\build\natives -Dos.version=10.0 --module-path=C:\Users\Rily Zimmehl\.mcreator\gradle\caches\modules-2\files-2.1\cpw.mods\bootstraplauncher\0.1.17\899fb8e3912bb7d14a6f9611de117f77db710ec3\bootstraplauncher-0.1.17.jar;C:\Users\Rily Zimmehl\.mcreator\gradle\caches\modules-2\files-2.1\cpw.mods\securejarhandler\0.9.54\24b670f2c026ec9777e64a2c2126ebc8635dbe8d\securejarhandler-0.9.54.jar;C:\Users\Rily Zimmehl\.mcreator\gradle\caches\modules-2\files-2.1\org.ow2.asm\asm-commons\9.1\8b971b182eb5cf100b9e8d4119152d83e00e0fdd\asm-commons-9.1.jar;C:\Users\Rily Zimmehl\.mcreator\gradle\caches\modules-2\files-2.1\org.ow2.asm\asm-util\9.1\36464a45d871779f3383a8a9aba2b26562a86729\asm-util-9.1.jar;C:\Users\Rily Zimmehl\.mcreator\gradle\caches\modules-2\files-2.1\org.ow2.asm\asm-analysis\9.1\4f61b83b81d8b659958f4bcc48907e93ecea55a0\asm-analysis-9.1.jar;C:\Users\Rily Zimmehl\.mcreator\gradle\caches\modules-2\files-2.1\org.ow2.asm\asm-tree\9.1\c333f2a855069cb8eb17a40a3eb8b1b67755d0eb\asm-tree-9.1.jar;C:\Users\Rily Zimmehl\.mcreator\gradle\caches\modules-2\files-2.1\org.ow2.asm\asm\9.1\a99500cf6eea30535eeac6be73899d048f8d12a8\asm-9.1.jar --add-modules=ALL-MODULE-PATH --add-opens=java.base/java.util.jar=cpw.mods.securejarhandler --add-exports=java.base/sun.security.util=cpw.mods.securejarhandler --add-exports=jdk.naming.dns/com.sun.jndi.dns=java.naming -XX:HeapDumpPath=MojangTricksIntelDriversForPerformance_javaw.exe_minecraft.exe.heapdump -Dos.name=Windows 10 -Dfile.encoding=windows-1252 -Duser.country=US -Duser.language=en -Duser.variant 
java_command: cpw.mods.bootstraplauncher.BootstrapLauncher --launchTarget forgeclientuserdev --version MOD_DEV --assetIndex 1.17 --assetsDir C:\Users\Rily Zimmehl\.mcreator\gradle\caches\forge_gradle\assets --gameDir . --fml.forgeVersion 37.1.1 --fml.mcVersion 1.17.1 --fml.forgeGroup net.minecraftforge --fml.mcpVersion 20210706.113038
java_class_path (initial): C:\Users\Rily Zimmehl\MCreatorWorkspaces\oaks_decor\build\classes\java\main;C:\Users\Rily Zimmehl\MCreatorWorkspaces\oaks_decor\build\resources\main;C:\Users\Rily Zimmehl\.mcreator\gradle\caches\forge_gradle\minecraft_user_repo\net\minecraftforge\forge\1.17.1-37.1.1_mapped_official_1.17.1\forge-1.17.1-37.1.1_mapped_official_1.17.1-recomp.jar;C:\Users\Rily Zimmehl\.mcreator\gradle\caches\forge_gradle\minecraft_repo\versions\1.17.1\client-extra.jar;C:\Users\Rily Zimmehl\.mcreator\gradle\caches\modules-2\files-2.1\com.google.code.findbugs\jsr305\3.0.1\f7be08ec23c21485b9b5a1cf1654c2ec8c58168d\jsr305-3.0.1.jar;C:\Users\Rily Zimmehl\.mcreator\gradle\caches\modules-2\files-2.1\ca.weblite\java-objc-bridge\1.0.0\6ef160c3133a78de015830860197602ca1c855d3\java-objc-bridge-1.0.0.jar;C:\Users\Rily Zimmehl\.mcreator\gradle\caches\modules-2\files-2.1\net.minecraftforge\mergetool\1.1.3\d7d4b6eac7f49c59255c8ac25190802c29ac9a4a\mergetool-1.1.3-api.jar;C:\Users\Rily Zimmehl\.mcreator\gradle\caches\forge_gradle\mcp_repo\net\minecraft\mapping\1.17.1\mapping-1.17.1-mapping.zip;C:\Users\Rily Zimmehl\.mcreator\gradle\caches\modules-2\files-2.1\cpw.mods\bootstraplauncher\0.1.17\899fb8e3912bb7d14a6f9611de117f77db710ec3\bootstraplauncher-0.1.17.jar;C:\Users\Rily Zimmehl\.mcreator\gradle\caches\modules-2\files-2.1\net.minecraftforge\javafmllanguage\1.17.1-37.1.1\f9646cd6a35efab2e595efef2858fcb325501be3\javafmllanguage-1.17.1-37.1.1.jar;C:\Users\Rily Zimmehl\.mcreator\gradle\caches\modules-2\files-2.1\net.minecraftforge\mclanguage\1.17.1-37.1.1\5f79912fa14069175fd01a16fea8ee349433e9b6\mclanguage-1.17.1-37.1.1.jar;C:\Users\Rily Zimmehl\.mcreator\gradle\caches\modules-2\files-2.1\net.minecraftforge\fmlcore\1.17.1-37.1.1\7cb4a179d7404ca3846936742ae562f43f38db1a\fmlcore-1.17.1-37.1.1.jar;C:\Users\Rily Zimmehl\.mcreator\gradle\caches\modules-2\files-2.1\net.minecraftforge\fmlloader\1.17.1-37.1.1\c60816266dffed18933396bc31e7019a5ca76e1c\fmlloader-1.17.1-37.1.1.jar;C:\Users
Launcher Type: SUN_STANDARD

[Global flags]
     intx CICompilerCount                          = 4                                         {product} {ergonomic}
     uint ConcGCThreads                            = 2                                         {product} {ergonomic}
     uint G1ConcRefinementThreads                  = 8                                         {product} {ergonomic}
   size_t G1HeapRegionSize                         = 1048576                                   {product} {ergonomic}
    uintx GCDrainStackTargetSize                   = 64                                        {product} {ergonomic}
    ccstr HeapDumpPath                             = MojangTricksIntelDriversForPerformance_javaw.exe_minecraft.exe.heapdump         {manageable} {command line}
   size_t InitialHeapSize                          = 100663296                                 {product} {ergonomic}
   size_t MarkStackSize                            = 4194304                                   {product} {ergonomic}
   size_t MaxHeapSize                              = 1593835520                                {product} {ergonomic}
   size_t MaxNewSize                               = 956301312                                 {product} {ergonomic}
   size_t MinHeapDeltaBytes                        = 1048576                                   {product} {ergonomic}
   size_t MinHeapSize                              = 8388608                                   {product} {ergonomic}
    uintx NonNMethodCodeHeapSize                   = 5839372                                {pd product} {ergonomic}
    uintx NonProfiledCodeHeapSize                  = 122909434                              {pd product} {ergonomic}
    uintx ProfiledCodeHeapSize                     = 122909434                              {pd product} {ergonomic}
    uintx ReservedCodeCacheSize                    = 251658240                              {pd product} {ergonomic}
     bool SegmentedCodeCache                       = true                                      {product} {ergonomic}
   size_t SoftMaxHeapSize                          = 1593835520                             {manageable} {ergonomic}
     bool UseCompressedClassPointers               = true                           {product lp64_product} {ergonomic}
     bool UseCompressedOops                        = true                           {product lp64_product} {ergonomic}
     bool UseG1GC                                  = true                                      {product} {ergonomic}
     bool UseLargePagesIndividualAllocation        = false                                  {pd product} {ergonomic}

Logging:
Log output configuration:
 #0: stdout all=warning uptime,level,tags
 #1: stderr all=off uptime,level,tags

Environment Variables:
JAVA_HOME=C:\Program Files\Pylo\MCreator\jdk
PATH=C:\ProgramData\Oracle\Java\javapath;C:\Program Files\Eclipse Foundation\jdk-16.0.2.7-hotspot\bin;C:\WINDOWS\system32;C:\WINDOWS;C:\WINDOWS\System32\Wbem;C:\WINDOWS\System32\WindowsPowerShell\v1.0\;C:\WINDOWS\System32\OpenSSH\;C:\Users\Rily Zimmehl\AppData\Local\Microsoft\WindowsApps;C:\Program Files\Pylo\MCreator\jdk\bin
USERNAME=Rily Zimmehl
OS=Windows_NT
PROCESSOR_IDENTIFIER=AMD64 Family 23 Model 24 Stepping 1, AuthenticAMD



---------------  S Y S T E M  ---------------

OS:
 Windows 10 , 64 bit Build 22000 (10.0.22000.434)
OS uptime: 1 days 18:52 hours

CPU: total 8 (initial active 8) (8 cores per cpu, 2 threads per core) family 23 model 24 stepping 1 microcode 0x0, cx8, cmov, fxsr, ht, mmx, 3dnowpref, sse, sse2, sse3, ssse3, sse4a, sse4.1, sse4.2, popcnt, lzcnt, tsc, tscinvbit, avx, avx2, aes, clmul, bmi1, bmi2, adx, sha, fma, vzeroupper, clflush, clflushopt

Memory: 4k page, system-wide physical 6074M (312M free)
TotalPageFile size 24506M (AvailPageFile size 779M)
current process WorkingSet (physical memory assigned to process): 308M, peak: 313M
current process commit charge ("private bytes"): 351M, peak: 355M

vm_info: OpenJDK 64-Bit Server VM (16.0.2+7) for windows-amd64 JRE (16.0.2+7), built on Jul 22 2021 15:19:09 by "" with MS VC++ 16.7 (VS2019)

END.
